0 info it worked if it ends with ok
1 verbose cli [ '/Users/skarunakar/.nvm/versions/node/v5.12.0/bin/node',
1 verbose cli   '/Users/skarunakar/.nvm/versions/node/v5.12.0/bin/npm',
1 verbose cli   'start' ]
2 info using npm@3.8.6
3 info using node@v5.12.0
4 verbose run-script [ 'prestart', 'start', 'poststart' ]
5 info lifecycle Angular-2@1.0.0~prestart: Angular-2@1.0.0
6 silly lifecycle Angular-2@1.0.0~prestart: no script for prestart, continuing
7 info lifecycle Angular-2@1.0.0~start: Angular-2@1.0.0
8 verbose lifecycle Angular-2@1.0.0~start: unsafe-perm in lifecycle true
9 verbose lifecycle Angular-2@1.0.0~start: PATH: /Users/skarunakar/.nvm/versions/node/v5.12.0/lib/node_modules/npm/bin/node-gyp-bin:/Users/skarunakar/Documents/Angular-2/node_modules/.bin:/Users/skarunakar/.nvm/versions/node/v5.12.0/bin:/Users/skarunakar/anaconda/bin:/Users/skarunakar/anaconda3/bin:/Library/Frameworks/Python.framework/Versions/3.6/bin:/Users/skarunakar/.nvm/versions/node/v5.12.0/bin:/usr/local/sbin:/Users/skarunakar/.rvm/gems/ruby-2.2.1/bin:/Users/skarunakar/.rvm/gems/ruby-2.2.1@global/bin:/Users/skarunakar/.rvm/rubies/ruby-2.2.1/bin:/usr/local/bin:/usr/local/bin:/usr/bin:/bin:/usr/sbin:/sbin:/bin:/usr/local/mysql/bin:/Users/skarunakar/.rvm/bin:/Users/skarunakar/.rvm/bin:/Users/skarunakar/homebrew/bin:/Users/skarunakar/.rvm/bin
10 verbose lifecycle Angular-2@1.0.0~start: CWD: /Users/skarunakar/Documents/Angular-2
11 silly lifecycle Angular-2@1.0.0~start: Args: [ '-c', 'tsc && concurrently "tsc -w" "lite-server" ' ]
12 silly lifecycle Angular-2@1.0.0~start: Returned: code: 2  signal: null
13 info lifecycle Angular-2@1.0.0~start: Failed to exec start script
14 verbose stack Error: Angular-2@1.0.0 start: `tsc && concurrently "tsc -w" "lite-server" `
14 verbose stack Exit status 2
14 verbose stack     at EventEmitter.<anonymous> (/Users/skarunakar/.nvm/versions/node/v5.12.0/lib/node_modules/npm/lib/utils/lifecycle.js:239:16)
14 verbose stack     at emitTwo (events.js:100:13)
14 verbose stack     at EventEmitter.emit (events.js:185:7)
14 verbose stack     at ChildProcess.<anonymous> (/Users/skarunakar/.nvm/versions/node/v5.12.0/lib/node_modules/npm/lib/utils/spawn.js:24:14)
14 verbose stack     at emitTwo (events.js:100:13)
14 verbose stack     at ChildProcess.emit (events.js:185:7)
14 verbose stack     at maybeClose (internal/child_process.js:850:16)
14 verbose stack     at Process.ChildProcess._handle.onexit (internal/child_process.js:215:5)
15 verbose pkgid Angular-2@1.0.0
16 verbose cwd /Users/skarunakar/Documents/Angular-2
17 error Darwin 15.6.0
18 error argv "/Users/skarunakar/.nvm/versions/node/v5.12.0/bin/node" "/Users/skarunakar/.nvm/versions/node/v5.12.0/bin/npm" "start"
19 error node v5.12.0
20 error npm  v3.8.6
21 error code ELIFECYCLE
22 error Angular-2@1.0.0 start: `tsc && concurrently "tsc -w" "lite-server" `
22 error Exit status 2
23 error Failed at the Angular-2@1.0.0 start script 'tsc && concurrently "tsc -w" "lite-server" '.
23 error Make sure you have the latest version of node.js and npm installed.
23 error If you do, this is most likely a problem with the Angular-2 package,
23 error not with npm itself.
23 error Tell the author that this fails on your system:
23 error     tsc && concurrently "tsc -w" "lite-server"
23 error You can get information on how to open an issue for this project with:
23 error     npm bugs Angular-2
23 error Or if that isn't available, you can get their info via:
23 error     npm owner ls Angular-2
23 error There is likely additional logging output above.
24 verbose exit [ 1, true ]
